<?xml version="1.0" encoding="UTF-8"?>
<testng-results ignored="0" total="1" passed="1" failed="0" skipped="0">
  <reporter-output>
  </reporter-output>
  <suite started-at="2025-08-19T18:03:52 EDT" name="Default suite" finished-at="2025-08-19T18:04:45 EDT" duration-ms="53475">
    <groups>
    </groups>
    <test started-at="2025-08-19T18:03:52 EDT" name="Default test" finished-at="2025-08-19T18:04:45 EDT" duration-ms="53475">
      <class name="com.hobbyexplorer.tests.GenreSelectionTest">
        <test-method is-config="true" signature="setUp()[pri:0, instance:com.hobbyexplorer.tests.GenreSelectionTest@dd05255]" started-at="2025-08-19T18:03:52 EDT" name="setUp" finished-at="2025-08-19T18:03:57 EDT" duration-ms="5066" status="PASS">
          <reporter-output>
          </reporter-output>
        </test-method> <!-- setUp -->
        <test-method signature="home_clickGenres_inOrder_thenReturnHome()[pri:0, instance:com.hobbyexplorer.tests.GenreSelectionTest@dd05255]" started-at="2025-08-19T18:03:57 EDT" name="home_clickGenres_inOrder_thenReturnHome" description="Home page: click genres in strict order, verifying selection, returning to Home between each" finished-at="2025-08-19T18:04:45 EDT" duration-ms="48299" status="PASS">
          <reporter-output>
          </reporter-output>
        </test-method> <!-- home_clickGenres_inOrder_thenReturnHome -->
        <test-method is-config="true" signature="tearDown(org.testng.ITestResult)[pri:0, instance:com.hobbyexplorer.tests.GenreSelectionTest@dd05255]" started-at="2025-08-19T18:04:45 EDT" name="tearDown" finished-at="2025-08-19T18:04:45 EDT" duration-ms="96" status="PASS">
          <params>
            <param index="0">
              <value>
                <![CDATA[[TestResult name=home_clickGenres_inOrder_thenReturnHome status=SUCCESS method=GenreSelectionTest.home_clickGenres_inOrder_thenReturnHome()[pri:0, instance:com.hobbyexplorer.tests.GenreSelectionTest@dd05255] output={null}]]]>
              </value>
            </param>
          </params>
          <reporter-output>
          </reporter-output>
        </test-method> <!-- tearDown -->
      </class> <!-- com.hobbyexplorer.tests.GenreSelectionTest -->
    </test> <!-- Default test -->
  </suite> <!-- Default suite -->
</testng-results>
